<?xml version="1.0" encoding="UTF-8"?>
<!-- Generated by org.testng.reporters.JUnitXMLReporter -->
<testsuite ignored="1" hostname="CHETUIWK2155" failures="0" tests="1" name="Default test" time="0.025" errors="0" timestamp="2022-05-13T22:38:19 IST">
  <testcase classname="AutomationSelenide.AutomationSelenideTest.Demo" name="Start" time="0.005"/>
  <testcase classname="AutomationSelenide.AutomationSelenideTest.Demo" name="End" time="0.0">
    <ignored/>
  </testcase> <!-- End -->
</testsuite> <!-- Default test -->
