<?xml version="1.0" encoding="UTF-8"?>
<!-- Generated by org.testng.reporters.JUnitXMLReporter -->
<testsuite ignored="0" hostname="CHETUIWK2155" failures="0" tests="6" name="Test" time="0.032" errors="0" timestamp="2022-05-12T22:18:36 IST">
  <testcase classname="listeners.TestNGListenersDemoFinish" name="test1" time="0.005"/>
  <testcase classname="listeners.TestNGListenersDemoFinish" name="test2" time="0.001"/>
  <testcase classname="listeners.TestNGListenersDemoFinish" name="test3" time="0.001"/>
  <testcase classname="listeners.TestNGListenersDemoFinish2" name="test4" time="0.0"/>
  <testcase classname="listeners.TestNGListenersDemoFinish2" name="test5" time="0.001"/>
  <testcase classname="listeners.TestNGListenersDemoFinish2" name="test6" time="0.001"/>
</testsuite> <!-- Test -->
