<?xml version="1.0" encoding="UTF-8"?>
<testng-results ignored="1" total="2" passed="1" failed="0" skipped="0">
  <reporter-output>
  </reporter-output>
  <suite started-at="2022-05-13T22:38:19 IST" name="Default suite" finished-at="2022-05-13T22:38:19 IST" duration-ms="25">
    <groups>
    </groups>
    <test started-at="2022-05-13T22:38:19 IST" name="Default test" finished-at="2022-05-13T22:38:19 IST" duration-ms="25">
      <class name="AutomationSelenide.AutomationSelenideTest.Demo">
        <test-method signature="Start()[pri:0, instance:AutomationSelenide.AutomationSelenideTest.Demo@4efac082]" started-at="2022-05-13T22:38:19 IST" name="Start" finished-at="2022-05-13T22:38:19 IST" duration-ms="5" status="PASS">
          <reporter-output>
          </reporter-output>
        </test-method> <!-- Start -->
      </class> <!-- AutomationSelenide.AutomationSelenideTest.Demo -->
    </test> <!-- Default test -->
  </suite> <!-- Default suite -->
</testng-results>
